f:\simone\simone's documents\simone's softwares\kirbidsm\kirbidsm\debug\vc140.pdb
f:\simone\simone's documents\simone's softwares\kirbidsm\kirbidsm\debug\.netframework,version=v4.5.2.assemblyattributes.obj
f:\simone\simone's documents\simone's softwares\kirbidsm\kirbidsm\debug\.netframework,version=v4.5.2.assemblyattributes.asm
f:\simone\simone's documents\simone's softwares\kirbidsm\kirbidsm\debug\settings.obj
f:\simone\simone's documents\simone's softwares\kirbidsm\kirbidsm\debug\protection.obj
f:\simone\simone's documents\simone's softwares\kirbidsm\kirbidsm\debug\hex.obj
f:\simone\simone's documents\simone's softwares\kirbidsm\kirbidsm\debug\disassembly.obj
f:\simone\simone's documents\simone's softwares\kirbidsm\kirbidsm\debug\memory map.obj
f:\simone\simone's documents\simone's softwares\kirbidsm\kirbidsm\debug\kirbidsm.disassembly.resources
f:\simone\simone's documents\simone's softwares\kirbidsm\kirbidsm\debug\kirbidsm.hex.resources
f:\simone\simone's documents\simone's softwares\kirbidsm\kirbidsm\debug\kirbidsm.protection.resources
f:\simone\simone's documents\simone's softwares\kirbidsm\kirbidsm\debug\kirbidsm.settings.resources
f:\simone\simone's documents\simone's softwares\kirbidsm\kirbidsm\debug\kirbidsm.memory map.resources
f:\simone\simone's documents\simone's softwares\kirbidsm\debug\kirbidsm.exe
f:\simone\simone's documents\simone's softwares\kirbidsm\debug\kirbidsm.pdb
f:\simone\simone's documents\simone's softwares\kirbidsm\kirbidsm\debug\kirbidsm.vcxproj.generateresource.cache
f:\simone\simone's documents\simone's softwares\kirbidsm\kirbidsm\debug\kirbidsm.vcxprojresolveassemblyreference.cache
f:\simone\simone's documents\simone's softwares\kirbidsm\kirbidsm\debug\kirbidsm.tlog\cl.command.1.tlog
f:\simone\simone's documents\simone's softwares\kirbidsm\kirbidsm\debug\kirbidsm.tlog\cl.read.1.tlog
f:\simone\simone's documents\simone's softwares\kirbidsm\kirbidsm\debug\kirbidsm.tlog\cl.write.1.tlog
f:\simone\simone's documents\simone's softwares\kirbidsm\kirbidsm\debug\kirbidsm.tlog\kirbidsm.write.1u.tlog
f:\simone\simone's documents\simone's softwares\kirbidsm\kirbidsm\debug\kirbidsm.tlog\link.command.1.tlog
f:\simone\simone's documents\simone's softwares\kirbidsm\kirbidsm\debug\kirbidsm.tlog\link.read.1.tlog
f:\simone\simone's documents\simone's softwares\kirbidsm\kirbidsm\debug\kirbidsm.tlog\link.write.1.tlog
f:\simone\simone's documents\simone's softwares\kirbidsm\kirbidsm\debug\kirbidsm.tlog\metagen.read.1.tlog
f:\simone\simone's documents\simone's softwares\kirbidsm\kirbidsm\debug\kirbidsm.tlog\metagen.write.1.tlog
f:\simone\simone's documents\simone's softwares\kirbidsm\kirbidsm\debug\kirbidsm.tlog\tzres.dll.bi
