  AddSection.cpp
f:\simone\simone's documents\simone's softwares\kirbidsm\kirbidsm\AddSection.h(16): fatal error C1083: Non è possibile aprire il file inclusione: 'pe_factory.h': No such file or directory
  Disassembly.cpp
f:\simone\simone's documents\simone's softwares\kirbidsm\kirbidsm\Hex.h(297): warning C4311: 'cast di tipo': troncamento puntatore da 'LPVOID' a 'unsigned long'
f:\simone\simone's documents\simone's softwares\kirbidsm\kirbidsm\Hex.h(297): warning C4302: 'cast di tipo': troncamento da 'LPVOID' a 'unsigned long'
f:\simone\simone's documents\simone's softwares\kirbidsm\kirbidsm\Hex.h(297): warning C4312: 'cast di tipo': conversione da 'unsigned long' a 'PIMAGE_NT_HEADERS', di dimensioni maggiori
f:\simone\simone's documents\simone's softwares\kirbidsm\kirbidsm\Hex.h(317): warning C4996: 'sprintf': This function or variable may be unsafe. Consider using sprintf_s instead. To disable deprecation, use _CRT_SECURE_NO_WARNINGS. See online help for details.
  C:\Program Files (x86)\Windows Kits\10\Include\10.0.10240.0\ucrt\stdio.h(1769): note: vedere la dichiarazione di 'sprintf'
f:\simone\simone's documents\simone's softwares\kirbidsm\kirbidsm\Hex.h(356): warning C4996: 'sscanf': This function or variable may be unsafe. Consider using sscanf_s instead. To disable deprecation, use _CRT_SECURE_NO_WARNINGS. See online help for details.
  C:\Program Files (x86)\Windows Kits\10\Include\10.0.10240.0\ucrt\stdio.h(2254): note: vedere la dichiarazione di 'sscanf'
f:\simone\simone's documents\simone's softwares\kirbidsm\kirbidsm\Hex.h(422): warning C4996: 'fopen': This function or variable may be unsafe. Consider using fopen_s instead. To disable deprecation, use _CRT_SECURE_NO_WARNINGS. See online help for details.
  C:\Program Files (x86)\Windows Kits\10\Include\10.0.10240.0\ucrt\stdio.h(205): note: vedere la dichiarazione di 'fopen'
f:\simone\simone's documents\simone's softwares\kirbidsm\kirbidsm\Hex.h(291): warning C4101: 'pSecHeader': variabile locale senza riferimenti
f:\simone\simone's documents\simone's softwares\kirbidsm\kirbidsm\Hex.h(289): warning C4101: 'header': variabile locale senza riferimenti
f:\simone\simone's documents\simone's softwares\kirbidsm\kirbidsm\Hex.h(290): warning C4101: 'opHeader': variabile locale senza riferimenti
f:\simone\simone's documents\simone's softwares\kirbidsm\kirbidsm\Hex.h(285): warning C4101: 'hMapObject': variabile locale senza riferimenti
f:\simone\simone's documents\simone's softwares\kirbidsm\kirbidsm\Hex.h(722): warning C4996: 'sprintf': This function or variable may be unsafe. Consider using sprintf_s instead. To disable deprecation, use _CRT_SECURE_NO_WARNINGS. See online help for details.
  C:\Program Files (x86)\Windows Kits\10\Include\10.0.10240.0\ucrt\stdio.h(1769): note: vedere la dichiarazione di 'sprintf'
f:\simone\simone's documents\simone's softwares\kirbidsm\kirbidsm\Hex.h(734): warning C4996: 'sprintf': This function or variable may be unsafe. Consider using sprintf_s instead. To disable deprecation, use _CRT_SECURE_NO_WARNINGS. See online help for details.
  C:\Program Files (x86)\Windows Kits\10\Include\10.0.10240.0\ucrt\stdio.h(1769): note: vedere la dichiarazione di 'sprintf'
f:\simone\simone's documents\simone's softwares\kirbidsm\kirbidsm\TextStrings.h(133): warning C4267: '+=': conversione da 'size_t' a 'int'. Possibile perdita di dati.
f:\simone\simone's documents\simone's softwares\kirbidsm\kirbidsm\TextStrings.h(153): warning C4267: 'inizializzazione': conversione da 'size_t' a 'int'. Possibile perdita di dati.
f:\simone\simone's documents\simone's softwares\kirbidsm\kirbidsm\TextStrings.h(122): warning C4996: 'fopen': This function or variable may be unsafe. Consider using fopen_s instead. To disable deprecation, use _CRT_SECURE_NO_WARNINGS. See online help for details.
  C:\Program Files (x86)\Windows Kits\10\Include\10.0.10240.0\ucrt\stdio.h(205): note: vedere la dichiarazione di 'fopen'
f:\simone\simone's documents\simone's softwares\kirbidsm\kirbidsm\TextStrings.h(144): warning C4996: 'itoa': The POSIX name for this item is deprecated. Instead, use the ISO C and C++ conformant name: _itoa. See online help for details.
  C:\Program Files (x86)\Windows Kits\10\Include\10.0.10240.0\ucrt\stdlib.h(1316): note: vedere la dichiarazione di 'itoa'
f:\simone\simone's documents\simone's softwares\kirbidsm\kirbidsm\TextStrings.h(165): warning C4996: 'sprintf': This function or variable may be unsafe. Consider using sprintf_s instead. To disable deprecation, use _CRT_SECURE_NO_WARNINGS. See online help for details.
  C:\Program Files (x86)\Windows Kits\10\Include\10.0.10240.0\ucrt\stdio.h(1769): note: vedere la dichiarazione di 'sprintf'
f:\simone\simone's documents\simone's softwares\kirbidsm\kirbidsm\Protection.h(486): warning C4244: 'argomento': conversione da 'int' a 'float'. Possibile perdita di dati.
f:\simone\simone's documents\simone's softwares\kirbidsm\kirbidsm\Memory map.h(12): fatal error C1083: Non è possibile aprire il file inclusione: 'pe_factory.h': No such file or directory
  Exports.cpp
f:\simone\simone's documents\simone's softwares\kirbidsm\kirbidsm\Exports.h(15): fatal error C1083: Non è possibile aprire il file inclusione: 'pe_factory.h': No such file or directory
  ImportsEditor.cpp
f:\simone\simone's documents\simone's softwares\kirbidsm\kirbidsm\ImportsEditor.h(16): fatal error C1083: Non è possibile aprire il file inclusione: 'pe_factory.h': No such file or directory
  ImportsTable.cpp
f:\simone\simone's documents\simone's softwares\kirbidsm\kirbidsm\ImportsTable.h(31): fatal error C1083: Non è possibile aprire il file inclusione: 'pe_factory.h': No such file or directory
  Memory map.cpp
f:\simone\simone's documents\simone's softwares\kirbidsm\kirbidsm\TextStrings.h(133): warning C4267: '+=': conversione da 'size_t' a 'int'. Possibile perdita di dati.
f:\simone\simone's documents\simone's softwares\kirbidsm\kirbidsm\TextStrings.h(153): warning C4267: 'inizializzazione': conversione da 'size_t' a 'int'. Possibile perdita di dati.
f:\simone\simone's documents\simone's softwares\kirbidsm\kirbidsm\TextStrings.h(122): warning C4996: 'fopen': This function or variable may be unsafe. Consider using fopen_s instead. To disable deprecation, use _CRT_SECURE_NO_WARNINGS. See online help for details.
  C:\Program Files (x86)\Windows Kits\10\Include\10.0.10240.0\ucrt\stdio.h(205): note: vedere la dichiarazione di 'fopen'
f:\simone\simone's documents\simone's softwares\kirbidsm\kirbidsm\TextStrings.h(144): warning C4996: 'itoa': The POSIX name for this item is deprecated. Instead, use the ISO C and C++ conformant name: _itoa. See online help for details.
  C:\Program Files (x86)\Windows Kits\10\Include\10.0.10240.0\ucrt\stdlib.h(1316): note: vedere la dichiarazione di 'itoa'
f:\simone\simone's documents\simone's softwares\kirbidsm\kirbidsm\TextStrings.h(165): warning C4996: 'sprintf': This function or variable may be unsafe. Consider using sprintf_s instead. To disable deprecation, use _CRT_SECURE_NO_WARNINGS. See online help for details.
  C:\Program Files (x86)\Windows Kits\10\Include\10.0.10240.0\ucrt\stdio.h(1769): note: vedere la dichiarazione di 'sprintf'
f:\simone\simone's documents\simone's softwares\kirbidsm\kirbidsm\Memory map.h(12): fatal error C1083: Non è possibile aprire il file inclusione: 'pe_factory.h': No such file or directory
  RelocationsEditor.cpp
f:\simone\simone's documents\simone's softwares\kirbidsm\kirbidsm\RelocationsEditor.h(16): fatal error C1083: Non è possibile aprire il file inclusione: 'pe_factory.h': No such file or directory
  RelocationsViewer.cpp
f:\simone\simone's documents\simone's softwares\kirbidsm\kirbidsm\RelocationsViewer.h(16): fatal error C1083: Non è possibile aprire il file inclusione: 'pe_factory.h': No such file or directory
  SectionsEditor.cpp
f:\simone\simone's documents\simone's softwares\kirbidsm\kirbidsm\SectionsEditor.h(16): fatal error C1083: Non è possibile aprire il file inclusione: 'pe_factory.h': No such file or directory
  Generazione del codice in corso...
